This is pdfTeX, Version 3.141592653-2.6-1.40.24 (TeX Live 2022) (preloaded format=pdflatex 2022.9.29)  2 MAR 2023 15:12
entering extended mode
 restricted \write18 enabled.
 %&-line parsing enabled.
**rapport_stage_2020.tex
(./rapport_stage_2020.tex
LaTeX2e <2022-06-01> patch level 5
L3 programming layer <2022-08-30>
(c:/texlive/2022/texmf-dist/tex/latex/base/report.cls
Document Class: report 2021/10/04 v1.4n Standard LaTeX document class
(c:/texlive/2022/texmf-dist/tex/latex/base/size12.clo
File: size12.clo 2021/10/04 v1.4n Standard LaTeX file (size option)
)
\c@part=\count185
\c@chapter=\count186
\c@section=\count187
\c@subsection=\count188
\c@subsubsection=\count189
\c@paragraph=\count190
\c@subparagraph=\count191
\c@figure=\count192
\c@table=\count193
\abovecaptionskip=\skip47
\belowcaptionskip=\skip48
\bibindent=\dimen138
)
(c:/texlive/2022/texmf-dist/tex/latex/base/inputenc.sty
Package: inputenc 2021/02/14 v1.3d Input encoding file
\inpenc@prehook=\toks16
\inpenc@posthook=\toks17
)
(c:/texlive/2022/texmf-dist/tex/latex/base/fontenc.sty
Package: fontenc 2021/04/29 v2.0v Standard LaTeX package
)
(c:/texlive/2022/texmf-dist/tex/latex/geometry/geometry.sty
Package: geometry 2020/01/02 v5.9 Page Geometry

(c:/texlive/2022/texmf-dist/tex/latex/graphics/keyval.sty
Package: keyval 2022/05/29 v1.15 key=value parser (DPC)
\KV@toks@=\toks18
)
(c:/texlive/2022/texmf-dist/tex/generic/iftex/ifvtex.sty
Package: ifvtex 2019/10/25 v1.7 ifvtex legacy package. Use iftex instead.

(c:/texlive/2022/texmf-dist/tex/generic/iftex/iftex.sty
Package: iftex 2022/02/03 v1.0f TeX engine tests
))
\Gm@cnth=\count194
\Gm@cntv=\count195
\c@Gm@tempcnt=\count196
\Gm@bindingoffset=\dimen139
\Gm@wd@mp=\dimen140
\Gm@odd@mp=\dimen141
\Gm@even@mp=\dimen142
\Gm@layoutwidth=\dimen143
\Gm@layoutheight=\dimen144
\Gm@layouthoffset=\dimen145
\Gm@layoutvoffset=\dimen146
\Gm@dimlist=\toks19
)
(c:/texlive/2022/texmf-dist/tex/generic/babel/babel.sty
Package: babel 2022/09/17 3.80 The Babel package
\babel@savecnt=\count197
\U@D=\dimen147
\l@unhyphenated=\language87

(c:/texlive/2022/texmf-dist/tex/generic/babel/txtbabel.def)
\bbl@readstream=\read2
\bbl@dirlevel=\count198

(c:/texlive/2022/texmf-dist/tex/generic/babel-french/french.ldf
Language: french 2022/04/18 v3.5n French support from the babel system
Package babel Info: Hyphen rules for 'acadian' set to \l@french
(babel)             (\language29). Reported on input line 91.
Package babel Info: Hyphen rules for 'canadien' set to \l@french
(babel)             (\language29). Reported on input line 92.
\FB@nonchar=\count199
Package babel Info: Making : an active character on input line 430.
Package babel Info: Making ; an active character on input line 431.
Package babel Info: Making ! an active character on input line 432.
Package babel Info: Making ? an active character on input line 433.
\FBguill@level=\count266
\FBold@everypar=\toks20
\FB@Mht=\dimen148
\mc@charclass=\count267
\mc@charfam=\count268
\mc@charslot=\count269
\std@mcc=\count270
\dec@mcc=\count271
\listindentFB=\dimen149
\descindentFB=\dimen150
\labelindentFB=\dimen151
\labelwidthFB=\dimen152
\leftmarginFB=\dimen153
\parindentFFN=\dimen154
\FBfnindent=\dimen155
))
(c:/texlive/2022/texmf-dist/tex/generic/babel/locale/fr/babel-french.tex
Package babel Info: Importing font and identification data for french
(babel)             from babel-fr.ini. Reported on input line 11.
)
(c:/texlive/2022/texmf-dist/tex/latex/carlisle/scalefnt.sty)
(c:/texlive/2022/texmf-dist/tex/latex/tools/xspace.sty
Package: xspace 2014/10/28 v1.13 Space after command names (DPC,MH)
)
(c:/texlive/2022/texmf-dist/tex/latex/hyperref/hyperref.sty
Package: hyperref 2022-09-22 v7.00t Hypertext links for LaTeX

(c:/texlive/2022/texmf-dist/tex/generic/ltxcmds/ltxcmds.sty
Package: ltxcmds 2020-05-10 v1.25 LaTeX kernel commands for general use (HO)
)
(c:/texlive/2022/texmf-dist/tex/generic/pdftexcmds/pdftexcmds.sty
Package: pdftexcmds 2020-06-27 v0.33 Utility functions of pdfTeX for LuaTeX (HO
)

(c:/texlive/2022/texmf-dist/tex/generic/infwarerr/infwarerr.sty
Package: infwarerr 2019/12/03 v1.5 Providing info/warning/error messages (HO)
)
Package pdftexcmds Info: \pdf@primitive is available.
Package pdftexcmds Info: \pdf@ifprimitive is available.
Package pdftexcmds Info: \pdfdraftmode found.
)
(c:/texlive/2022/texmf-dist/tex/generic/kvsetkeys/kvsetkeys.sty
Package: kvsetkeys 2019/12/15 v1.18 Key value parser (HO)
)
(c:/texlive/2022/texmf-dist/tex/generic/kvdefinekeys/kvdefinekeys.sty
Package: kvdefinekeys 2019-12-19 v1.6 Define keys (HO)
)
(c:/texlive/2022/texmf-dist/tex/generic/pdfescape/pdfescape.sty
Package: pdfescape 2019/12/09 v1.15 Implements pdfTeX's escape features (HO)
)
(c:/texlive/2022/texmf-dist/tex/latex/hycolor/hycolor.sty
Package: hycolor 2020-01-27 v1.10 Color options for hyperref/bookmark (HO)
)
(c:/texlive/2022/texmf-dist/tex/latex/letltxmacro/letltxmacro.sty
Package: letltxmacro 2019/12/03 v1.6 Let assignment for LaTeX macros (HO)
)
(c:/texlive/2022/texmf-dist/tex/latex/auxhook/auxhook.sty
Package: auxhook 2019-12-17 v1.6 Hooks for auxiliary files (HO)
)
(c:/texlive/2022/texmf-dist/tex/latex/hyperref/nameref.sty
Package: nameref 2022-05-17 v2.50 Cross-referencing by name of section

(c:/texlive/2022/texmf-dist/tex/latex/refcount/refcount.sty
Package: refcount 2019/12/15 v3.6 Data extraction from label references (HO)
)
(c:/texlive/2022/texmf-dist/tex/generic/gettitlestring/gettitlestring.sty
Package: gettitlestring 2019/12/15 v1.6 Cleanup title references (HO)

(c:/texlive/2022/texmf-dist/tex/latex/kvoptions/kvoptions.sty
Package: kvoptions 2022-06-15 v3.15 Key value format for package options (HO)
))
\c@section@level=\count272
)
\@linkdim=\dimen156
\Hy@linkcounter=\count273
\Hy@pagecounter=\count274

(c:/texlive/2022/texmf-dist/tex/latex/hyperref/pd1enc.def
File: pd1enc.def 2022-09-22 v7.00t Hyperref: PDFDocEncoding definition (HO)
Now handling font encoding PD1 ...
... no UTF-8 mapping file for font encoding PD1
)
(c:/texlive/2022/texmf-dist/tex/generic/intcalc/intcalc.sty
Package: intcalc 2019/12/15 v1.3 Expandable calculations with integers (HO)
)
(c:/texlive/2022/texmf-dist/tex/generic/etexcmds/etexcmds.sty
Package: etexcmds 2019/12/15 v1.7 Avoid name clashes with e-TeX commands (HO)
)
\Hy@SavedSpaceFactor=\count275

(c:/texlive/2022/texmf-dist/tex/latex/hyperref/puenc.def
File: puenc.def 2022-09-22 v7.00t Hyperref: PDF Unicode definition (HO)
Now handling font encoding PU ...
... no UTF-8 mapping file for font encoding PU
)
Package hyperref Info: Hyper figures OFF on input line 4162.
Package hyperref Info: Link nesting OFF on input line 4167.
Package hyperref Info: Hyper index ON on input line 4170.
Package hyperref Info: Plain pages OFF on input line 4177.
Package hyperref Info: Backreferencing OFF on input line 4182.
Package hyperref Info: Implicit mode ON; LaTeX internals redefined.
\stockwidth=\dimen157
\stockheight=\dimen158
Package hyperref Info: Bookmarks ON on input line 4410.
\c@Hy@tempcnt=\count276

(c:/texlive/2022/texmf-dist/tex/latex/url/url.sty
\Urlmuskip=\muskip16
Package: url 2013/09/16  ver 3.4  Verb mode for urls, etc.
)
LaTeX Info: Redefining \url on input line 4748.
\XeTeXLinkMargin=\dimen159

(c:/texlive/2022/texmf-dist/tex/generic/bitset/bitset.sty
Package: bitset 2019/12/09 v1.3 Handle bit-vector datatype (HO)

(c:/texlive/2022/texmf-dist/tex/generic/bigintcalc/bigintcalc.sty
Package: bigintcalc 2019/12/15 v1.5 Expandable calculations on big integers (HO
)
))
\Fld@menulength=\count277
\Field@Width=\dimen160
\Fld@charsize=\dimen161
Package hyperref Info: Hyper figures OFF on input line 6027.
Package hyperref Info: Link nesting OFF on input line 6032.
Package hyperref Info: Hyper index ON on input line 6035.
Package hyperref Info: backreferencing OFF on input line 6042.
Package hyperref Info: Link coloring OFF on input line 6047.
Package hyperref Info: Link coloring with OCG OFF on input line 6052.
Package hyperref Info: PDF/A mode OFF on input line 6057.

(c:/texlive/2022/texmf-dist/tex/latex/base/atbegshi-ltx.sty
Package: atbegshi-ltx 2021/01/10 v1.0c Emulation of the original atbegshi
package with kernel methods
)
\Hy@abspage=\count278
\c@Item=\count279
\c@Hfootnote=\count280
)
Package hyperref Info: Driver (autodetected): hpdftex.

(c:/texlive/2022/texmf-dist/tex/latex/hyperref/hpdftex.def
File: hpdftex.def 2022-09-22 v7.00t Hyperref driver for pdfTeX

(c:/texlive/2022/texmf-dist/tex/latex/base/atveryend-ltx.sty
Package: atveryend-ltx 2020/08/19 v1.0a Emulation of the original atveryend pac
kage
with kernel methods
)
\Fld@listcount=\count281
\c@bookmark@seq@number=\count282

(c:/texlive/2022/texmf-dist/tex/latex/rerunfilecheck/rerunfilecheck.sty
Package: rerunfilecheck 2022-07-10 v1.10 Rerun checks for auxiliary files (HO)

(c:/texlive/2022/texmf-dist/tex/generic/uniquecounter/uniquecounter.sty
Package: uniquecounter 2019/12/15 v1.4 Provide unlimited unique counter (HO)
)
Package uniquecounter Info: New unique counter `rerunfilecheck' on input line 2
85.
)
\Hy@SectionHShift=\skip49
)
(c:/texlive/2022/texmf-dist/tex/latex/psnfss/mathptmx.sty
Package: mathptmx 2020/03/25 PSNFSS-v9.3 Times w/ Math, improved (SPQR, WaS) 
LaTeX Font Info:    Redeclaring symbol font `operators' on input line 28.
LaTeX Font Info:    Overwriting symbol font `operators' in version `normal'
(Font)                  OT1/cmr/m/n --> OT1/ztmcm/m/n on input line 28.
LaTeX Font Info:    Overwriting symbol font `operators' in version `bold'
(Font)                  OT1/cmr/bx/n --> OT1/ztmcm/m/n on input line 28.
LaTeX Font Info:    Redeclaring symbol font `letters' on input line 29.
LaTeX Font Info:    Overwriting symbol font `letters' in version `normal'
(Font)                  OML/cmm/m/it --> OML/ztmcm/m/it on input line 29.
LaTeX Font Info:    Overwriting symbol font `letters' in version `bold'
(Font)                  OML/cmm/b/it --> OML/ztmcm/m/it on input line 29.
LaTeX Font Info:    Redeclaring symbol font `symbols' on input line 30.
LaTeX Font Info:    Overwriting symbol font `symbols' in version `normal'
(Font)                  OMS/cmsy/m/n --> OMS/ztmcm/m/n on input line 30.
LaTeX Font Info:    Overwriting symbol font `symbols' in version `bold'
(Font)                  OMS/cmsy/b/n --> OMS/ztmcm/m/n on input line 30.
LaTeX Font Info:    Redeclaring symbol font `largesymbols' on input line 31.
LaTeX Font Info:    Overwriting symbol font `largesymbols' in version `normal'
(Font)                  OMX/cmex/m/n --> OMX/ztmcm/m/n on input line 31.
LaTeX Font Info:    Overwriting symbol font `largesymbols' in version `bold'
(Font)                  OMX/cmex/m/n --> OMX/ztmcm/m/n on input line 31.
\symbold=\mathgroup4
\symitalic=\mathgroup5
LaTeX Font Info:    Redeclaring math alphabet \mathbf on input line 34.
LaTeX Font Info:    Overwriting math alphabet `\mathbf' in version `normal'
(Font)                  OT1/cmr/bx/n --> OT1/ptm/bx/n on input line 34.
LaTeX Font Info:    Overwriting math alphabet `\mathbf' in version `bold'
(Font)                  OT1/cmr/bx/n --> OT1/ptm/bx/n on input line 34.
LaTeX Font Info:    Redeclaring math alphabet \mathit on input line 35.
LaTeX Font Info:    Overwriting math alphabet `\mathit' in version `normal'
(Font)                  OT1/cmr/m/it --> OT1/ptm/m/it on input line 35.
LaTeX Font Info:    Overwriting math alphabet `\mathit' in version `bold'
(Font)                  OT1/cmr/bx/it --> OT1/ptm/m/it on input line 35.
LaTeX Info: Redefining \hbar on input line 50.
)
(c:/texlive/2022/texmf-dist/tex/latex/graphics/graphicx.sty
Package: graphicx 2021/09/16 v1.2d Enhanced LaTeX Graphics (DPC,SPQR)

(c:/texlive/2022/texmf-dist/tex/latex/graphics/graphics.sty
Package: graphics 2022/03/10 v1.4e Standard LaTeX Graphics (DPC,SPQR)

(c:/texlive/2022/texmf-dist/tex/latex/graphics/trig.sty
Package: trig 2021/08/11 v1.11 sin cos tan (DPC)
)
(c:/texlive/2022/texmf-dist/tex/latex/graphics-cfg/graphics.cfg
File: graphics.cfg 2016/06/04 v1.11 sample graphics configuration
)
Package graphics Info: Driver file: pdftex.def on input line 107.

(c:/texlive/2022/texmf-dist/tex/latex/graphics-def/pdftex.def
File: pdftex.def 2022/09/22 v1.2b Graphics/color driver for pdftex
))
\Gin@req@height=\dimen162
\Gin@req@width=\dimen163
)
(c:/texlive/2022/texmf-dist/tex/latex/amsmath/amsmath.sty
Package: amsmath 2022/04/08 v2.17n AMS math features
\@mathmargin=\skip50

For additional information on amsmath, use the `?' option.
(c:/texlive/2022/texmf-dist/tex/latex/amsmath/amstext.sty
Package: amstext 2021/08/26 v2.01 AMS text

(c:/texlive/2022/texmf-dist/tex/latex/amsmath/amsgen.sty
File: amsgen.sty 1999/11/30 v2.0 generic functions
\@emptytoks=\toks21
\ex@=\dimen164
))
(c:/texlive/2022/texmf-dist/tex/latex/amsmath/amsbsy.sty
Package: amsbsy 1999/11/29 v1.2d Bold Symbols
\pmbraise@=\dimen165
)
(c:/texlive/2022/texmf-dist/tex/latex/amsmath/amsopn.sty
Package: amsopn 2022/04/08 v2.04 operator names
)
\inf@bad=\count283
LaTeX Info: Redefining \frac on input line 234.
\uproot@=\count284
\leftroot@=\count285
LaTeX Info: Redefining \overline on input line 399.
LaTeX Info: Redefining \colon on input line 410.
\classnum@=\count286
\DOTSCASE@=\count287
LaTeX Info: Redefining \ldots on input line 496.
LaTeX Info: Redefining \dots on input line 499.
LaTeX Info: Redefining \cdots on input line 620.
\Mathstrutbox@=\box51
\strutbox@=\box52
LaTeX Info: Redefining \big on input line 722.
LaTeX Info: Redefining \Big on input line 723.
LaTeX Info: Redefining \bigg on input line 724.
LaTeX Info: Redefining \Bigg on input line 725.
\big@size=\dimen166
LaTeX Font Info:    Redeclaring font encoding OML on input line 743.
LaTeX Font Info:    Redeclaring font encoding OMS on input line 744.
\macc@depth=\count288
LaTeX Info: Redefining \bmod on input line 905.
LaTeX Info: Redefining \pmod on input line 910.
LaTeX Info: Redefining \smash on input line 940.
LaTeX Info: Redefining \relbar on input line 970.
LaTeX Info: Redefining \Relbar on input line 971.
\c@MaxMatrixCols=\count289
\dotsspace@=\muskip17
\c@parentequation=\count290
\dspbrk@lvl=\count291
\tag@help=\toks22
\row@=\count292
\column@=\count293
\maxfields@=\count294
\andhelp@=\toks23
\eqnshift@=\dimen167
\alignsep@=\dimen168
\tagshift@=\dimen169
\tagwidth@=\dimen170
\totwidth@=\dimen171
\lineht@=\dimen172
\@envbody=\toks24
\multlinegap=\skip51
\multlinetaggap=\skip52
\mathdisplay@stack=\toks25
LaTeX Info: Redefining \[ on input line 2953.
LaTeX Info: Redefining \] on input line 2954.
)
(c:/texlive/2022/texmf-dist/tex/latex/amsfonts/amsfonts.sty
Package: amsfonts 2013/01/14 v3.01 Basic AMSFonts support
\symAMSa=\mathgroup6
\symAMSb=\mathgroup7
LaTeX Font Info:    Overwriting math alphabet `\mathfrak' in version `bold'
(Font)                  U/euf/m/n --> U/euf/b/n on input line 106.
)
(c:/texlive/2022/texmf-dist/tex/latex/base/textcomp.sty
Package: textcomp 2020/02/02 v2.0n Standard LaTeX package
)
(c:/texlive/2022/texmf-dist/tex/latex/amsfonts/amssymb.sty
Package: amssymb 2013/01/14 v3.01 AMS font symbols
)
(c:/texlive/2022/texmf-dist/tex/latex/base/makeidx.sty
Package: makeidx 2021/10/04 v1.0m Standard LaTeX package
)
(c:/texlive/2022/texmf-dist/tex/latex/fancyhdr/fancyhdr.sty
Package: fancyhdr 2022/05/18 v4.0.3 Extensive control of page headers and foote
rs
\f@nch@headwidth=\skip53
\f@nch@O@elh=\skip54
\f@nch@O@erh=\skip55
\f@nch@O@olh=\skip56
\f@nch@O@orh=\skip57
\f@nch@O@elf=\skip58
\f@nch@O@erf=\skip59
\f@nch@O@olf=\skip60
\f@nch@O@orf=\skip61
)
(c:/texlive/2022/texmf-dist/tex/latex/caption/caption.sty
Package: caption 2022/03/01 v3.6b Customizing captions (AR)

(c:/texlive/2022/texmf-dist/tex/latex/caption/caption3.sty
Package: caption3 2022/03/17 v2.3b caption3 kernel (AR)
\caption@tempdima=\dimen173
\captionmargin=\dimen174
\caption@leftmargin=\dimen175
\caption@rightmargin=\dimen176
\caption@width=\dimen177
\caption@indent=\dimen178
\caption@parindent=\dimen179
\caption@hangindent=\dimen180
Package caption Info: Standard document class detected.
Package caption Info: french babel package is loaded.
)
\c@caption@flags=\count295
\c@continuedfloat=\count296
Package caption Info: hyperref package is loaded.
)
(c:/texlive/2022/texmf-dist/tex/latex/float/float.sty
Package: float 2001/11/08 v1.3d Float enhancements (AL)
\c@float@type=\count297
\float@exts=\toks26
\float@box=\box53
\@float@everytoks=\toks27
\@floatcapt=\box54
)
(c:/texlive/2022/texmf-dist/tex/latex/caption/subcaption.sty
Package: subcaption 2022/01/07 v1.5 Sub-captions (AR)
\c@subfigure=\count298
\c@subtable=\count299
)
(c:/texlive/2022/texmf-dist/tex/latex/tools/array.sty
Package: array 2022/03/10 v2.5f Tabular extension package (FMi)
\col@sep=\dimen181
\ar@mcellbox=\box55
\extrarowheight=\dimen182
\NC@list=\toks28
\extratabsurround=\skip62
\backup@length=\skip63
\ar@cellbox=\box56
)
(c:/texlive/2022/texmf-dist/tex/latex/setspace/setspace.sty
Package: setspace 2011/12/19 v6.7a set line spacing
)
(c:/texlive/2022/texmf-dist/tex/latex/xcolor/xcolor.sty
Package: xcolor 2022/06/12 v2.14 LaTeX color extensions (UK)

(c:/texlive/2022/texmf-dist/tex/latex/graphics-cfg/color.cfg
File: color.cfg 2016/01/02 v1.6 sample color configuration
)
Package xcolor Info: Driver file: pdftex.def on input line 227.

(c:/texlive/2022/texmf-dist/tex/latex/graphics/mathcolor.ltx)
Package xcolor Info: Model `cmy' substituted by `cmy0' on input line 1353.
Package xcolor Info: Model `hsb' substituted by `rgb' on input line 1357.
Package xcolor Info: Model `RGB' extended on input line 1369.
Package xcolor Info: Model `HTML' substituted by `rgb' on input line 1371.
Package xcolor Info: Model `Hsb' substituted by `hsb' on input line 1372.
Package xcolor Info: Model `tHsb' substituted by `hsb' on input line 1373.
Package xcolor Info: Model `HSB' substituted by `hsb' on input line 1374.
Package xcolor Info: Model `Gray' substituted by `gray' on input line 1375.
Package xcolor Info: Model `wave' substituted by `hsb' on input line 1376.
)
(c:/texlive/2022/texmf-dist/tex/latex/colortbl/colortbl.sty
Package: colortbl 2022/06/20 v1.0f Color table columns (DPC)
\everycr=\toks29
\minrowclearance=\skip64
\rownum=\count300
)
(c:/texlive/2022/texmf-dist/tex/latex/footmisc/footmisc.sty
Package: footmisc 2022/03/08 v6.0d a miscellany of footnote facilities
\FN@temptoken=\toks30
\footnotemargin=\dimen183
\@outputbox@depth=\dimen184
Package footmisc Info: Declaring symbol style bringhurst on input line 695.
Package footmisc Info: Declaring symbol style chicago on input line 703.
Package footmisc Info: Declaring symbol style wiley on input line 712.
Package footmisc Info: Declaring symbol style lamport-robust on input line 723.

Package footmisc Info: Declaring symbol style lamport* on input line 743.
Package footmisc Info: Declaring symbol style lamport*-robust on input line 764
.
)
LaTeX Font Info:    Trying to load font information for T1+ptm on input line 49
.

(c:/texlive/2022/texmf-dist/tex/latex/psnfss/t1ptm.fd
File: t1ptm.fd 2001/06/04 font definitions for T1/ptm.
)
(c:/texlive/2022/texmf-dist/tex/latex/l3backend/l3backend-pdftex.def
File: l3backend-pdftex.def 2022-08-30 L3 backend support: PDF output (pdfTeX)
\l__color_backend_stack_int=\count301
\l__pdf_internal_box=\box57
)
(./rapport_stage_2020.aux)
\openout1 = `rapport_stage_2020.aux'.

LaTeX Font Info:    Checking defaults for OML/cmm/m/it on input line 49.
LaTeX Font Info:    ... okay on input line 49.
LaTeX Font Info:    Checking defaults for OMS/cmsy/m/n on input line 49.
LaTeX Font Info:    ... okay on input line 49.
LaTeX Font Info:    Checking defaults for OT1/cmr/m/n on input line 49.
LaTeX Font Info:    ... okay on input line 49.
LaTeX Font Info:    Checking defaults for T1/cmr/m/n on input line 49.
LaTeX Font Info:    ... okay on input line 49.
LaTeX Font Info:    Checking defaults for TS1/cmr/m/n on input line 49.
LaTeX Font Info:    ... okay on input line 49.
LaTeX Font Info:    Checking defaults for OMX/cmex/m/n on input line 49.
LaTeX Font Info:    ... okay on input line 49.
LaTeX Font Info:    Checking defaults for U/cmr/m/n on input line 49.
LaTeX Font Info:    ... okay on input line 49.
LaTeX Font Info:    Checking defaults for PD1/pdf/m/n on input line 49.
LaTeX Font Info:    ... okay on input line 49.
LaTeX Font Info:    Checking defaults for PU/pdf/m/n on input line 49.
LaTeX Font Info:    ... okay on input line 49.

*geometry* driver: auto-detecting
*geometry* detected driver: pdftex
*geometry* verbose mode - [ preamble ] result:
* driver: pdftex
* paper: a4paper
* layout: <same size as paper>
* layoutoffset:(h,v)=(0.0pt,0.0pt)
* modes: 
* h-part:(L,W,R)=(71.13188pt, 455.24411pt, 71.13188pt)
* v-part:(T,H,B)=(56.9055pt, 731.23584pt, 56.9055pt)
* \paperwidth=597.50787pt
* \paperheight=845.04684pt
* \textwidth=455.24411pt
* \textheight=731.23584pt
* \oddsidemargin=-1.1381pt
* \evensidemargin=-1.1381pt
* \topmargin=-52.36449pt
* \headheight=12.0pt
* \headsep=25.0pt
* \topskip=12.0pt
* \footskip=30.0pt
* \marginparwidth=35.0pt
* \marginparsep=10.0pt
* \columnsep=10.0pt
* \skip\footins=10.8pt plus 4.0pt minus 2.0pt
* \hoffset=0.0pt
* \voffset=0.0pt
* \mag=1000
* \@twocolumnfalse
* \@twosidefalse
* \@mparswitchfalse
* \@reversemarginfalse
* (1in=72.27pt=25.4mm, 1cm=28.453pt)

LaTeX Info: Redefining \degres on input line 49.
LaTeX Info: Redefining \up on input line 49.
Package hyperref Info: Link coloring OFF on input line 49.
(./rapport_stage_2020.out) (./rapport_stage_2020.out)
\@outlinefile=\write3
\openout3 = `rapport_stage_2020.out'.


(c:/texlive/2022/texmf-dist/tex/context/base/mkii/supp-pdf.mkii
[Loading MPS to PDF converter (version 2006.09.02).]
\scratchcounter=\count302
\scratchdimen=\dimen185
\scratchbox=\box58
\nofMPsegments=\count303
\nofMParguments=\count304
\everyMPshowfont=\toks31
\MPscratchCnt=\count305
\MPscratchDim=\dimen186
\MPnumerator=\count306
\makeMPintoPDFobject=\count307
\everyMPtoPDFconversion=\toks32
) (c:/texlive/2022/texmf-dist/tex/latex/epstopdf-pkg/epstopdf-base.sty
Package: epstopdf-base 2020-01-24 v2.11 Base part for package epstopdf

(c:/texlive/2022/texmf-dist/tex/latex/grfext/grfext.sty
Package: grfext 2019/12/03 v1.3 Manage graphics extensions (HO)
)
Package epstopdf-base Info: Redefining graphics rule for `.eps' on input line 4
85.
Package grfext Info: Graphics extension search list:
(grfext)             [.pdf,.png,.jpg,.mps,.jpeg,.jbig2,.jb2,.PDF,.PNG,.JPG,.JPE
G,.JBIG2,.JB2,.eps]
(grfext)             \AppendGraphicsExtensions on input line 504.

(c:/texlive/2022/texmf-dist/tex/latex/latexconfig/epstopdf-sys.cfg
File: epstopdf-sys.cfg 2010/07/13 v1.3 Configuration of (r)epstopdf for TeX Liv
e
))
Package caption Info: Begin \AtBeginDocument code.
Package caption Info: float package is loaded.
Package caption Info: End \AtBeginDocument code.
<UR.jpg, id=48, 1697.34125pt x 487.8225pt>
File: UR.jpg Graphic file (type jpg)
<use UR.jpg>
Package pdftex.def Info: UR.jpg  used on input line 53.
(pdftex.def)             Requested size: 169.74406pt x 48.7851pt.
<logoFST.png, id=49, 248.93pt x 54.2025pt>
File: logoFST.png Graphic file (type png)
<use logoFST.png>
Package pdftex.def Info: logoFST.png  used on input line 55.
(pdftex.def)             Requested size: 199.14426pt x 43.36205pt.
<le2p_fondtrans.png, id=51, 1003.75pt x 423.5825pt>
File: le2p_fondtrans.png Graphic file (type png)
<use le2p_fondtrans.png>
Package pdftex.def Info: le2p_fondtrans.png  used on input line 84.
(pdftex.def)             Requested size: 200.74644pt x 84.715pt.
LaTeX Font Info:    Trying to load font information for OT1+ztmcm on input line
 84.

(c:/texlive/2022/texmf-dist/tex/latex/psnfss/ot1ztmcm.fd
File: ot1ztmcm.fd 2000/01/03 Fontinst v1.801 font definitions for OT1/ztmcm.
)
LaTeX Font Info:    Trying to load font information for OML+ztmcm on input line
 84.

(c:/texlive/2022/texmf-dist/tex/latex/psnfss/omlztmcm.fd
File: omlztmcm.fd 2000/01/03 Fontinst v1.801 font definitions for OML/ztmcm.
)
LaTeX Font Info:    Trying to load font information for OMS+ztmcm on input line
 84.

(c:/texlive/2022/texmf-dist/tex/latex/psnfss/omsztmcm.fd
File: omsztmcm.fd 2000/01/03 Fontinst v1.801 font definitions for OMS/ztmcm.
)
LaTeX Font Info:    Trying to load font information for OMX+ztmcm on input line
 84.

(c:/texlive/2022/texmf-dist/tex/latex/psnfss/omxztmcm.fd
File: omxztmcm.fd 2000/01/03 Fontinst v1.801 font definitions for OMX/ztmcm.
)
LaTeX Font Info:    Trying to load font information for OT1+ptm on input line 8
4.

(c:/texlive/2022/texmf-dist/tex/latex/psnfss/ot1ptm.fd
File: ot1ptm.fd 2001/06/04 font definitions for OT1/ptm.
)
LaTeX Font Info:    Font shape `OT1/ptm/bx/n' in size <14.4> not available
(Font)              Font shape `OT1/ptm/b/n' tried instead on input line 84.
LaTeX Font Info:    Font shape `OT1/ptm/bx/n' in size <10.95> not available
(Font)              Font shape `OT1/ptm/b/n' tried instead on input line 84.
LaTeX Font Info:    Font shape `OT1/ptm/bx/n' in size <8> not available
(Font)              Font shape `OT1/ptm/b/n' tried instead on input line 84.


LaTeX Warning: Float too large for page by 47.43504pt on input line 87.

[1{c:/texlive/2022/texmf-var/fonts/map/pdftex/updmap/pdftex.map} <./UR.jpg> <./
logoFST.png> <./le2p_fondtrans.png>] [2


] (./rapport_stage_2020.toc
LaTeX Font Info:    Font shape `OT1/ptm/bx/n' in size <12> not available
(Font)              Font shape `OT1/ptm/b/n' tried instead on input line 2.
LaTeX Font Info:    Font shape `OT1/ptm/bx/n' in size <9> not available
(Font)              Font shape `OT1/ptm/b/n' tried instead on input line 2.
LaTeX Font Info:    Font shape `OT1/ptm/bx/n' in size <7> not available
(Font)              Font shape `OT1/ptm/b/n' tried instead on input line 2.
)
\tf@toc=\write4
\openout4 = `rapport_stage_2020.toc'.

 [3

]
[4]
LaTeX Font Info:    Trying to load font information for T1+cmtt on input line 1
32.
 (c:/texlive/2022/texmf-dist/tex/latex/base/t1cmtt.fd
File: t1cmtt.fd 2019/12/16 v2.5j Standard LaTeX font definitions
)
Overfull \hbox (30.33034pt too wide) in paragraph at lines 132--133
[]\T1/ptm/m/n/12 SoDa "\T1/ptm/b/n/12 SO\T1/ptm/m/n/12 lar ra-dia-tion \T1/ptm/
b/n/12 DA\T1/ptm/m/n/12 ta" : []$\T1/cmtt/m/n/12 http : / / www . soda-[]pro . 
com / web-[]services / radiation /
 []

[5]
<coursesolaire.png, id=97, 402.00188pt x 243.91125pt>
File: coursesolaire.png Graphic file (type png)
<use coursesolaire.png>
Package pdftex.def Info: coursesolaire.png  used on input line 142.
(pdftex.def)             Requested size: 321.60193pt x 195.12926pt.
LaTeX Font Info:    Font shape `OT1/ptm/bx/n' in size <6> not available
(Font)              Font shape `OT1/ptm/b/n' tried instead on input line 150.
LaTeX Font Info:    Font shape `OT1/ptm/bx/n' in size <5> not available
(Font)              Font shape `OT1/ptm/b/n' tried instead on input line 150.
LaTeX Font Info:    Trying to load font information for TS1+ptm on input line 1
52.
 (c:/texlive/2022/texmf-dist/tex/latex/psnfss/ts1ptm.fd
File: ts1ptm.fd 2001/06/04 font definitions for TS1/ptm.
)
<diffrayonn.png, id=98, 420.06938pt x 281.55188pt>
File: diffrayonn.png Graphic file (type png)
<use diffrayonn.png>
Package pdftex.def Info: diffrayonn.png  used on input line 175.
(pdftex.def)             Requested size: 210.03418pt x 140.77559pt.


LaTeX Warning: `!h' float specifier changed to `!ht'.

[6 <./coursesolaire.PNG>]
Underfull \hbox (badness 10000) in paragraph at lines 188--200

 []


Underfull \hbox (badness 10000) in paragraph at lines 188--200

 []


Underfull \hbox (badness 10000) in paragraph at lines 204--206

 []

[7 <./diffrayonn.PNG>]
<refAzimuth.png, id=125, 213.79875pt x 23.33719pt>
File: refAzimuth.png Graphic file (type png)
<use refAzimuth.png>
Package pdftex.def Info: refAzimuth.png  used on input line 238.
(pdftex.def)             Requested size: 213.79822pt x 23.33711pt.
 [8 <./refAzimuth.PNG>]
<deffact.png, id=138, 182.18062pt x 20.32594pt>
File: deffact.png Graphic file (type png)
<use deffact.png>
Package pdftex.def Info: deffact.png  used on input line 257.
(pdftex.def)             Requested size: 127.52554pt x 14.22804pt.
<defsolar.png, id=139, 204.765pt x 15.05624pt>
File: defsolar.png Graphic file (type png)
<use defsolar.png>
Package pdftex.def Info: defsolar.png  used on input line 260.
(pdftex.def)             Requested size: 143.3345pt x 10.53929pt.
<defdiffus.png, id=140, 128.73094pt x 17.31468pt>
File: defdiffus.png Graphic file (type png)
<use defdiffus.png>
Package pdftex.def Info: defdiffus.png  used on input line 261.
(pdftex.def)             Requested size: 90.11102pt x 12.12018pt.
<tableS0.png, id=141, 320.69812pt x 194.22563pt>
File: tableS0.png Graphic file (type png)
<use tableS0.png>
Package pdftex.def Info: tableS0.png  used on input line 273.
(pdftex.def)             Requested size: 192.42035pt x 116.53627pt.
<tableAZI.png, id=142, 272.51813pt x 220.57407pt>
File: tableAZI.png Graphic file (type png)
<use tableAZI.png>
Package pdftex.def Info: tableAZI.png  used on input line 280.
(pdftex.def)             Requested size: 163.51213pt x 132.34544pt.


LaTeX Warning: `!h' float specifier changed to `!ht'.

[9 <./deffact.PNG> <./defsolar.PNG> <./defdiffus.PNG> <./tableS0.PNG>]
<coursesolaire1.png, id=152, 251.43938pt x 208.52907pt>
File: coursesolaire1.png Graphic file (type png)
<use coursesolaire1.png>
Package pdftex.def Info: coursesolaire1.png  used on input line 290.
(pdftex.def)             Requested size: 150.86478pt x 125.1184pt.
<bouclefor.png, id=153, 258.9675pt x 53.44969pt>
File: bouclefor.png Graphic file (type png)
<use bouclefor.png>
Package pdftex.def Info: bouclefor.png  used on input line 297.
(pdftex.def)             Requested size: 181.27599pt x 37.4145pt.

Overfull \hbox (6.74782pt too wide) in paragraph at lines 302--303
[]$[]$ \T1/ptm/m/n/12 : les don-nées qui cor-res-pond aux angles sont en de-gré
s. Avec le pa-ra-mètres "\T1/ptm/m/it/12 np.radians\T1/ptm/m/n/12 "
 []

[10 <./tableAZI.PNG> <./coursesolaire1.PNG> <./bouclefor.PNG>]
<dataFT.png, id=164, 255.20343pt x 78.2925pt>
File: dataFT.png Graphic file (type png)
<use dataFT.png>
Package pdftex.def Info: dataFT.png  used on input line 310.
(pdftex.def)             Requested size: 153.12323pt x 46.97585pt.
 [11 <./dataFT.PNG>]
<figSolarglob.png, id=172, 650.43pt x 433.62pt>
File: figSolarglob.png Graphic file (type png)
<use figSolarglob.png>
Package pdftex.def Info: figSolarglob.png  used on input line 336.
(pdftex.def)             Requested size: 260.16739pt x 173.44492pt.
<figSolardirect.png, id=173, 462.528pt x 346.896pt>
File: figSolardirect.png Graphic file (type png)
<use figSolardirect.png>
Package pdftex.def Info: figSolardirect.png  used on input line 345.
(pdftex.def)             Requested size: 208.13567pt x 156.10175pt.
<figSolardiffus.png, id=174, 462.528pt x 346.896pt>
File: figSolardiffus.png Graphic file (type png)
<use figSolardiffus.png>
Package pdftex.def Info: figSolardiffus.png  used on input line 347.
(pdftex.def)             Requested size: 208.13567pt x 156.10175pt.
 [12 <./figSolarglob.png> <./figSolardirect.png> <./figSolardiffus.png>]
<secteurNord.png, id=184, 650.43pt x 433.62pt>
File: secteurNord.png Graphic file (type png)
<use secteurNord.png>
Package pdftex.def Info: secteurNord.png  used on input line 356.
(pdftex.def)             Requested size: 390.261pt x 260.17401pt.
<albedo0,5.png, id=185, 650.43pt x 433.62pt>
File: albedo0,5.png Graphic file (type png)
<use albedo0,5.png>
Package pdftex.def Info: albedo0,5.png  used on input line 363.
(pdftex.def)             Requested size: 390.261pt x 260.17401pt.

[13 <./secteurNord.png> <./albedo0,5.png>]
<secteurSud.png, id=195, 650.43pt x 433.62pt>
File: secteurSud.png Graphic file (type png)
<use secteurSud.png>
Package pdftex.def Info: secteurSud.png  used on input line 373.
(pdftex.def)             Requested size: 390.261pt x 260.17401pt.
<secteurOuest.png, id=196, 650.43pt x 433.62pt>
File: secteurOuest.png Graphic file (type png)
<use secteurOuest.png>
Package pdftex.def Info: secteurOuest.png  used on input line 380.
(pdftex.def)             Requested size: 390.261pt x 260.17401pt.
<secteurEst.png, id=197, 650.43pt x 433.62pt>
File: secteurEst.png Graphic file (type png)
<use secteurEst.png>
Package pdftex.def Info: secteurEst.png  used on input line 387.
(pdftex.def)             Requested size: 390.261pt x 260.17401pt.


LaTeX Warning: `h' float specifier changed to `ht'.

[14 <./secteurSud.png> <./secteurOuest.png>]
<secteurCentre.png, id=206, 650.43pt x 433.62pt>
File: secteurCentre.png Graphic file (type png)
<use secteurCentre.png>
Package pdftex.def Info: secteurCentre.png  used on input line 394.
(pdftex.def)             Requested size: 390.261pt x 260.17401pt.
 [15 <./secteurEst.png> <./secteurCentre.png>]
<maxvalue.png, id=215, 463.7325pt x 30.1125pt>
File: maxvalue.png Graphic file (type png)
<use maxvalue.png>
Package pdftex.def Info: maxvalue.png  used on input line 409.
(pdftex.def)             Requested size: 278.24164pt x 18.06763pt.
<ftigamma.png, id=216, 222.07968pt x 36.88782pt>
File: ftigamma.png Graphic file (type png)
<use ftigamma.png>
Package pdftex.def Info: ftigamma.png  used on input line 414.
(pdftex.def)             Requested size: 133.24883pt x 22.13284pt.
 [16 <./maxvalue.PNG> <./ftigamma.PNG>] [17]
(./rapport_stage_2020.lof)
\tf@lof=\write5
\openout5 = `rapport_stage_2020.lof'.

 [18

]
Annexe A.
<RoyGlo.png, id=248, 659.46375pt x 393.72093pt>
File: RoyGlo.png Graphic file (type png)
<use RoyGlo.png>
Package pdftex.def Info: RoyGlo.png  used on input line 444.
(pdftex.def)             Requested size: 461.62148pt x 275.60277pt.

Overfull \hbox (6.37737pt too wide) in paragraph at lines 444--445
[][] 
 []

[19

 <./RoyGlo.PNG>]
Annexe B.
<diagramme1.png, id=256, 779.16093pt x 270.25969pt>
File: diagramme1.png Graphic file (type png)
<use diagramme1.png>
Package pdftex.def Info: diagramme1.png  used on input line 448.
(pdftex.def)             Requested size: 467.50017pt x 162.15706pt.
<diagramme2.png, id=257, 770.12718pt x 264.99pt>
File: diagramme2.png Graphic file (type png)
<use diagramme2.png>
Package pdftex.def Info: diagramme2.png  used on input line 449.
(pdftex.def)             Requested size: 462.07986pt x 158.99522pt.

Overfull \hbox (12.25606pt too wide) in paragraph at lines 448--450
[][]
 []


Overfull \hbox (6.83575pt too wide) in paragraph at lines 448--450
[] 
 []

[20

 <./diagramme1.PNG> <./diagramme2.PNG>]
Annexe C.
<prog1.png, id=265, 709.90219pt x 441.90094pt>
File: prog1.png Graphic file (type png)
<use prog1.png>
Package pdftex.def Info: prog1.png  used on input line 452.
(pdftex.def)             Requested size: 354.95023pt x 220.94992pt.
<prog2.png, id=266, 623.32875pt x 410.2828pt>
File: prog2.png Graphic file (type png)
<use prog2.png>
Package pdftex.def Info: prog2.png  used on input line 454.
(pdftex.def)             Requested size: 311.6636pt x 205.1409pt.
[21

 <./prog1.PNG> <./prog2.PNG>]
<prog3.png, id=273, 488.57532pt x 255.95625pt>
File: prog3.png Graphic file (type png)
<use prog3.png>
Package pdftex.def Info: prog3.png  used on input line 456.
(pdftex.def)             Requested size: 244.28706pt x 127.9778pt.
 [22 <./prog3.PNG>] (./rapport_stage_2020.aux)

Package rerunfilecheck Warning: File `rapport_stage_2020.out' has changed.
(rerunfilecheck)                Rerun to get outlines right
(rerunfilecheck)                or use package `bookmark'.

Package rerunfilecheck Info: Checksums for `rapport_stage_2020.out':
(rerunfilecheck)             Before: 1D29E3D29F6CFE250D6638E871961148;733
(rerunfilecheck)             After:  A20240492F99AE5EA6DD8A5538711BDD;1942.
 ) 
Here is how much of TeX's memory you used:
 15054 strings out of 475075
 241058 string characters out of 5783001
 594184 words of memory out of 5000000
 36118 multiletter control sequences out of 15000+600000
 553722 words of font info for 157 fonts, out of 8000000 for 9000
 1141 hyphenation exceptions out of 8191
 72i,12n,77p,641b,460s stack positions out of 10000i,1000n,20000p,200000b,200000s
{c:/texlive/2022/texmf-dist/fonts/enc/dvips/base/8r.enc}{c:/texlive/2022/texm
f-dist/fonts/enc/dvips/cm-super/cm-super-t1.enc}<c:/texlive/2022/texmf-dist/fon
ts/type1/public/amsfonts/cm/cmex10.pfb><c:/texlive/2022/texmf-dist/fonts/type1/
public/amsfonts/cm/cmmi10.pfb><c:/texlive/2022/texmf-dist/fonts/type1/public/am
sfonts/cm/cmr10.pfb><c:/texlive/2022/texmf-dist/fonts/type1/public/amsfonts/cm/
cmsy10.pfb><c:/texlive/2022/texmf-dist/fonts/type1/public/cm-super/sftt1200.pfb
><c:/texlive/2022/texmf-dist/fonts/type1/urw/symbol/usyr.pfb><c:/texlive/2022/t
exmf-dist/fonts/type1/urw/symbol/usyr.pfb><c:/texlive/2022/texmf-dist/fonts/typ
e1/urw/times/utmb8a.pfb><c:/texlive/2022/texmf-dist/fonts/type1/urw/times/utmr8
a.pfb><c:/texlive/2022/texmf-dist/fonts/type1/urw/times/utmr8a.pfb><c:/texlive/
2022/texmf-dist/fonts/type1/urw/times/utmri8a.pfb>
Output written on rapport_stage_2020.pdf (22 pages, 1276220 bytes).
PDF statistics:
 346 PDF objects out of 1000 (max. 8388607)
 236 compressed objects within 3 object streams
 68 named destinations out of 1000 (max. 500000)
 244 words of extra memory for PDF output out of 10000 (max. 10000000)

